<?xml version="1.0" encoding="UTF-8"?>
<!-- Generated by org.testng.reporters.JUnitReportReporter -->
<testsuite hostname="DESKTOP-TL25OI3" failures="0" tests="4" name="api.testcasses.UserTest2" time="7.483" errors="0" timestamp="2025-04-24T18:05:23 IST" skipped="0">
  <testcase classname="api.testcasses.UserTest2" name="testCreateUser" time="2.897"/>
  <system-out/>
  <testcase classname="api.testcasses.UserTest2" name="testGetUserData" time="1.122"/>
  <system-out/>
  <testcase classname="api.testcasses.UserTest2" name="testUpdateUser" time="2.298"/>
  <system-out/>
  <testcase classname="api.testcasses.UserTest2" name="testDeleteUser" time="1.166"/>
  <system-out/>
</testsuite> <!-- api.testcasses.UserTest2 -->
