<?xml version="1.0" encoding="UTF-8"?>
<!-- Generated by org.testng.reporters.JUnitReportReporter -->
<testsuite hostname="DESKTOP-TL25OI3" failures="0" tests="4" name="api.testcasses.UserTest" time="9.175" errors="0" timestamp="2025-04-24T14:57:47 IST" skipped="0">
  <testcase classname="api.testcasses.UserTest" name="testCreateUser" time="3.595"/>
  <system-out/>
  <testcase classname="api.testcasses.UserTest" name="testGetUserData" time="1.539"/>
  <system-out/>
  <testcase classname="api.testcasses.UserTest" name="testUpdateUser" time="2.622"/>
  <system-out/>
  <testcase classname="api.testcasses.UserTest" name="testDeleteUser" time="1.419"/>
  <system-out/>
</testsuite> <!-- api.testcasses.UserTest -->
