<?xml version="1.0" encoding="UTF-8"?>
<!-- Generated by org.testng.reporters.JUnitReportReporter -->
<testsuite hostname="DESKTOP-TL25OI3" failures="0" tests="4" name="api.testcasses.UserTest" time="9.674" errors="0" timestamp="2025-04-24T19:32:30 IST" skipped="0">
  <testcase classname="api.testcasses.UserTest" name="testCreateUser" time="4.036"/>
  <system-out/>
  <testcase classname="api.testcasses.UserTest" name="testGetUserData" time="1.450"/>
  <system-out/>
  <testcase classname="api.testcasses.UserTest" name="testUpdateUser" time="2.656"/>
  <system-out/>
  <testcase classname="api.testcasses.UserTest" name="testDeleteUser" time="1.532"/>
  <system-out/>
</testsuite> <!-- api.testcasses.UserTest -->
